0 info it worked if it ends with ok
1 verbose cli [ '/usr/local/bin/node', '/usr/local/bin/npm', 'publish' ]
2 info using npm@1.3.11
3 info using node@v0.10.20
4 verbose publish [ '.' ]
5 verbose cache add [ '.', null ]
6 verbose cache add name=undefined spec="." args=[".",null]
7 verbose parsed url { protocol: null,
7 verbose parsed url   slashes: null,
7 verbose parsed url   auth: null,
7 verbose parsed url   host: null,
7 verbose parsed url   port: null,
7 verbose parsed url   hostname: null,
7 verbose parsed url   hash: null,
7 verbose parsed url   search: null,
7 verbose parsed url   query: null,
7 verbose parsed url   pathname: '.',
7 verbose parsed url   path: '.',
7 verbose parsed url   href: '.' }
8 silly lockFile 3a52ce78- .
9 verbose lock . /Users/choover/.npm/3a52ce78-.lock
10 verbose tar pack [ '/var/folders/4d/yvqkr4x12xq5njl705ylv9jcjqvfyb/T/npm-10142-EQpPTvAj/1383757646546-0.21357774757780135/tmp.tgz',
10 verbose tar pack   '.' ]
11 verbose tarball /var/folders/4d/yvqkr4x12xq5njl705ylv9jcjqvfyb/T/npm-10142-EQpPTvAj/1383757646546-0.21357774757780135/tmp.tgz
12 verbose folder .
13 silly lockFile 1f1177db-tar tar://.
14 verbose lock tar://. /Users/choover/.npm/1f1177db-tar.lock
15 silly lockFile 9c036dee-6546-0-21357774757780135-tmp-tgz tar:///var/folders/4d/yvqkr4x12xq5njl705ylv9jcjqvfyb/T/npm-10142-EQpPTvAj/1383757646546-0.21357774757780135/tmp.tgz
16 verbose lock tar:///var/folders/4d/yvqkr4x12xq5njl705ylv9jcjqvfyb/T/npm-10142-EQpPTvAj/1383757646546-0.21357774757780135/tmp.tgz /Users/choover/.npm/9c036dee-6546-0-21357774757780135-tmp-tgz.lock
17 silly lockFile 1f1177db-tar tar://.
18 silly lockFile 1f1177db-tar tar://.
19 silly lockFile 9c036dee-6546-0-21357774757780135-tmp-tgz tar:///var/folders/4d/yvqkr4x12xq5njl705ylv9jcjqvfyb/T/npm-10142-EQpPTvAj/1383757646546-0.21357774757780135/tmp.tgz
20 silly lockFile 9c036dee-6546-0-21357774757780135-tmp-tgz tar:///var/folders/4d/yvqkr4x12xq5njl705ylv9jcjqvfyb/T/npm-10142-EQpPTvAj/1383757646546-0.21357774757780135/tmp.tgz
21 verbose tar unpack /var/folders/4d/yvqkr4x12xq5njl705ylv9jcjqvfyb/T/npm-10142-EQpPTvAj/1383757646546-0.21357774757780135/tmp.tgz
22 silly lockFile 68c2c34e-6546-0-21357774757780135-package tar:///var/folders/4d/yvqkr4x12xq5njl705ylv9jcjqvfyb/T/npm-10142-EQpPTvAj/1383757646546-0.21357774757780135/package
23 verbose lock tar:///var/folders/4d/yvqkr4x12xq5njl705ylv9jcjqvfyb/T/npm-10142-EQpPTvAj/1383757646546-0.21357774757780135/package /Users/choover/.npm/68c2c34e-6546-0-21357774757780135-package.lock
24 silly lockFile 9c036dee-6546-0-21357774757780135-tmp-tgz tar:///var/folders/4d/yvqkr4x12xq5njl705ylv9jcjqvfyb/T/npm-10142-EQpPTvAj/1383757646546-0.21357774757780135/tmp.tgz
25 verbose lock tar:///var/folders/4d/yvqkr4x12xq5njl705ylv9jcjqvfyb/T/npm-10142-EQpPTvAj/1383757646546-0.21357774757780135/tmp.tgz /Users/choover/.npm/9c036dee-6546-0-21357774757780135-tmp-tgz.lock
26 silly gunzTarPerm modes [ '755', '644' ]
27 silly gunzTarPerm extractEntry package.json
28 silly gunzTarPerm extractEntry README.md
29 silly gunzTarPerm extractEntry bin/kompress-css
30 silly gunzTarPerm extractEntry bin/kompress-js
31 silly gunzTarPerm extractEntry bin/kompress-js-closure
32 silly gunzTarPerm extractEntry examples/config-css.json
33 silly gunzTarPerm extractEntry examples/config-js.json
34 silly gunzTarPerm extractEntry postinstall.sh
35 silly gunzTarPerm extractEntry preinstall.sh
36 silly gunzTarPerm extractEntry src/KompressorBase.js
37 silly gunzTarPerm extractEntry src/KompressorCSS.js
38 silly gunzTarPerm extractEntry src/KompressorJS.js
39 silly gunzTarPerm extractEntry src/KompressorJSClosure.js
40 silly gunzTarPerm extractEntry src/Logger.js
41 silly lockFile 68c2c34e-6546-0-21357774757780135-package tar:///var/folders/4d/yvqkr4x12xq5njl705ylv9jcjqvfyb/T/npm-10142-EQpPTvAj/1383757646546-0.21357774757780135/package
42 silly lockFile 68c2c34e-6546-0-21357774757780135-package tar:///var/folders/4d/yvqkr4x12xq5njl705ylv9jcjqvfyb/T/npm-10142-EQpPTvAj/1383757646546-0.21357774757780135/package
43 silly lockFile 9c036dee-6546-0-21357774757780135-tmp-tgz tar:///var/folders/4d/yvqkr4x12xq5njl705ylv9jcjqvfyb/T/npm-10142-EQpPTvAj/1383757646546-0.21357774757780135/tmp.tgz
44 silly lockFile 9c036dee-6546-0-21357774757780135-tmp-tgz tar:///var/folders/4d/yvqkr4x12xq5njl705ylv9jcjqvfyb/T/npm-10142-EQpPTvAj/1383757646546-0.21357774757780135/tmp.tgz
45 verbose tar pack [ '/Users/choover/.npm/kompressor/0.1.3/package.tgz',
45 verbose tar pack   '/var/folders/4d/yvqkr4x12xq5njl705ylv9jcjqvfyb/T/npm-10142-EQpPTvAj/1383757646546-0.21357774757780135/package' ]
46 verbose tarball /Users/choover/.npm/kompressor/0.1.3/package.tgz
47 verbose folder /var/folders/4d/yvqkr4x12xq5njl705ylv9jcjqvfyb/T/npm-10142-EQpPTvAj/1383757646546-0.21357774757780135/package
48 silly lockFile 68c2c34e-6546-0-21357774757780135-package tar:///var/folders/4d/yvqkr4x12xq5njl705ylv9jcjqvfyb/T/npm-10142-EQpPTvAj/1383757646546-0.21357774757780135/package
49 verbose lock tar:///var/folders/4d/yvqkr4x12xq5njl705ylv9jcjqvfyb/T/npm-10142-EQpPTvAj/1383757646546-0.21357774757780135/package /Users/choover/.npm/68c2c34e-6546-0-21357774757780135-package.lock
50 silly lockFile aea2e367-npm-kompressor-0-1-3-package-tgz tar:///Users/choover/.npm/kompressor/0.1.3/package.tgz
51 verbose lock tar:///Users/choover/.npm/kompressor/0.1.3/package.tgz /Users/choover/.npm/aea2e367-npm-kompressor-0-1-3-package-tgz.lock
52 silly lockFile 68c2c34e-6546-0-21357774757780135-package tar:///var/folders/4d/yvqkr4x12xq5njl705ylv9jcjqvfyb/T/npm-10142-EQpPTvAj/1383757646546-0.21357774757780135/package
53 silly lockFile 68c2c34e-6546-0-21357774757780135-package tar:///var/folders/4d/yvqkr4x12xq5njl705ylv9jcjqvfyb/T/npm-10142-EQpPTvAj/1383757646546-0.21357774757780135/package
54 silly lockFile aea2e367-npm-kompressor-0-1-3-package-tgz tar:///Users/choover/.npm/kompressor/0.1.3/package.tgz
55 silly lockFile aea2e367-npm-kompressor-0-1-3-package-tgz tar:///Users/choover/.npm/kompressor/0.1.3/package.tgz
56 silly lockFile 35394856-ver-npm-kompressor-0-1-3-package /Users/choover/.npm/kompressor/0.1.3/package
57 verbose lock /Users/choover/.npm/kompressor/0.1.3/package /Users/choover/.npm/35394856-ver-npm-kompressor-0-1-3-package.lock
58 silly lockFile 35394856-ver-npm-kompressor-0-1-3-package /Users/choover/.npm/kompressor/0.1.3/package
59 silly lockFile 35394856-ver-npm-kompressor-0-1-3-package /Users/choover/.npm/kompressor/0.1.3/package
60 verbose tar unpack /Users/choover/.npm/kompressor/0.1.3/package.tgz
61 silly lockFile d3d80c3f-ver-npm-kompressor-0-1-3-package tar:///Users/choover/.npm/kompressor/0.1.3/package
62 verbose lock tar:///Users/choover/.npm/kompressor/0.1.3/package /Users/choover/.npm/d3d80c3f-ver-npm-kompressor-0-1-3-package.lock
63 silly lockFile aea2e367-npm-kompressor-0-1-3-package-tgz tar:///Users/choover/.npm/kompressor/0.1.3/package.tgz
64 verbose lock tar:///Users/choover/.npm/kompressor/0.1.3/package.tgz /Users/choover/.npm/aea2e367-npm-kompressor-0-1-3-package-tgz.lock
65 silly gunzTarPerm modes [ '755', '644' ]
66 silly gunzTarPerm extractEntry package.json
67 silly gunzTarPerm extractEntry README.md
68 silly gunzTarPerm extractEntry bin/kompress-css
69 silly gunzTarPerm extractEntry bin/kompress-js
70 silly gunzTarPerm extractEntry bin/kompress-js-closure
71 silly gunzTarPerm extractEntry examples/config-css.json
72 silly gunzTarPerm extractEntry examples/config-js.json
73 silly gunzTarPerm extractEntry postinstall.sh
74 silly gunzTarPerm extractEntry preinstall.sh
75 silly gunzTarPerm extractEntry src/KompressorBase.js
76 silly gunzTarPerm extractEntry src/KompressorCSS.js
77 silly gunzTarPerm extractEntry src/KompressorJS.js
78 silly gunzTarPerm extractEntry src/KompressorJSClosure.js
79 silly gunzTarPerm extractEntry src/Logger.js
80 silly lockFile d3d80c3f-ver-npm-kompressor-0-1-3-package tar:///Users/choover/.npm/kompressor/0.1.3/package
81 silly lockFile d3d80c3f-ver-npm-kompressor-0-1-3-package tar:///Users/choover/.npm/kompressor/0.1.3/package
82 silly lockFile aea2e367-npm-kompressor-0-1-3-package-tgz tar:///Users/choover/.npm/kompressor/0.1.3/package.tgz
83 silly lockFile aea2e367-npm-kompressor-0-1-3-package-tgz tar:///Users/choover/.npm/kompressor/0.1.3/package.tgz
84 verbose chmod /Users/choover/.npm/kompressor/0.1.3/package.tgz 644
85 verbose chown /Users/choover/.npm/kompressor/0.1.3/package.tgz [ 595442635, 233642343 ]
86 silly lockFile 3a52ce78- .
87 silly lockFile 3a52ce78- .
88 silly publish { name: 'kompressor',
88 silly publish   description: 'Process an html page and kompress and consolidate css/js assets into a single file',
88 silly publish   version: '0.1.3',
88 silly publish   keywords: [ 'kompress', 'minify', 'consolidate', 'exec' ],
88 silly publish   dependencies:
88 silly publish    { colors: '>=0.6.2 <1.00',
88 silly publish      commander: '2.x',
88 silly publish      jsdom: '>=0.8.6 <1.00',
88 silly publish      q: '>=0.9.7 <1.00',
88 silly publish      jsonlint: '1.x',
88 silly publish      underscore: '1.x' },
88 silly publish   os: [ 'linux', 'darwin' ],
88 silly publish   bin:
88 silly publish    { 'kompress-js': './bin/kompress-js',
88 silly publish      'kompress-js-closure': './bin/kompress-js-closure',
88 silly publish      'kompress-css': './bin/kompress-css' },
88 silly publish   scripts:
88 silly publish    { preinstall: './preinstall.sh',
88 silly publish      postinstall: './postinstall.sh' },
88 silly publish   author: { name: 'cphoover' },
88 silly publish   bugs: { url: 'https://github.com/cphoover/kompressor/issues' },
88 silly publish   readme: '# Kompressor\n\n## What it is?\nKompressor is a command line utility for compressing and concatenating static JS & CSS. Kompressor uses the jsdom library to scrape a specified index page scripts and stylesheets. It then uses a specified program to minify (kompress) each file and pipe the output into a specified output file.  By default kompressor uses Yahoo\'s yuicompressor for css minification, and uglifyjs for javascript minification. Extending kompressor to use another program is super simple, and simply requires extending one of the Kompressor classes and changing the exec string ([see below](#extending-kompressor)).\n\n## Installation\n\nwith npm:\n\n    npm install kompressor\n\nor with github:\n\n     ./preinstall.sh\n     git clone https://github.com/cphoover/minifier.git\n     ./postinstall.sh\n     \n## Options\n\n    -h, --help                             output usage information\n    -V, --version                          output the version number\n    -i, --PROJECT-INDEX-FILE [file]        Specifies the html file to process\n    -r, --WEBROOT-REPLACEMENTS [patterns]  Set replacements for path [kwsvc|/home/choover/kwsvc,sugar|home/choover/sugar]\n    -v, --EXCLUDED-PATTERNS [patterns]     Specifies files to skip based on matching regex patterns\n    -d, --DRY-RUN                          Specifies dry run mode (only show output do not save file)\n    -l, --DISABLE-LOGGING                  Turn off logging, show only process output\n    -o, --OUTPUT [file]                    Specifies output file location\n    -w, --FAIL-EXTERNAL-URLS               Returns an error if external URLS are present\n    -c, --CERT [file]                      Use the specified client certificate file when getting a file with HTTPS\n    -k, --KEY [file]                       Private key file name. Allows you to provide your private key in this separate file.\n    -x, --CONFIG [file]                    Run with specified config file\n\n## Caveats\n\nIf you are using imports in your css it will break the css minifier :grimacing:\n\nAlso and this is an **IMPORTANT NOTE** css assets such as fonts and background images must be absolute to the webroot and not relative to the stylesheet, otherwise minification will break your links.\n\n## Extending Kompressor\nIn the following example you can see how easy it was to extend kompressor to use google\'s closure compiler instead of our default js compiler uglify.js. It was as simple as changing the execString property to the executable string that compiles each file. %s being the file which is interpolated within the string.\n```js\n\n    /* file: src/KompressorJSClosure.js */\n    \n    var KompressorJS = require(__dirname + \'/KompressorJS.js\');\n       \n    function KompressorJSClosure(){\n        KompressorJS.apply(this, arguments)\n        this.execString = \'closure-compiler %s\';\n    }\n\n    KompressorJSClosure.prototype   = new KompressorJS();\n    KompressorJSClosure.constructor = KompressorJSClosure;\n\n    module.exports = KompressorJSClosure;\n    \n```\n\nNow we have our class, all we have to do is create a new "executable" inside of the "bin" directory which utilizes this class.\n\n```js\n    #!/usr/local/bin/node\n    \n    /* file: bin/kompress-js-closure */\n    var Kompressor = require(__dirname + "/../src/KompressorJSClosure.js");\n    new Kompressor().init();    \n```    \n\nAnd that\'s it! Pretty simple. For more info on how to extend Kompressor reference the documentation(coming soon...)    \n\n## Todo\n* Add tests\n* Add Usage examples\n',
88 silly publish   readmeFilename: 'README.md',
88 silly publish   _id: 'kompressor@0.1.3',
88 silly publish   dist: { shasum: '2bfe9d5d8b93329f70e93ad7bf8046585c697f69' },
88 silly publish   _from: '.' }
89 verbose url raw kompressor
90 verbose url resolving [ 'https://registry.npmjs.org/', './kompressor' ]
91 verbose url resolved https://registry.npmjs.org/kompressor
92 info trying registry request attempt 1 at 12:07:26
93 http PUT https://registry.npmjs.org/kompressor
94 http 409 https://registry.npmjs.org/kompressor
95 verbose url raw kompressor
96 verbose url resolving [ 'https://registry.npmjs.org/', './kompressor' ]
97 verbose url resolved https://registry.npmjs.org/kompressor
98 info trying registry request attempt 1 at 12:07:27
99 http GET https://registry.npmjs.org/kompressor
100 http 200 https://registry.npmjs.org/kompressor
101 error publish fail Cannot publish over existing version.
101 error publish fail Update the 'version' field in package.json and try again.
101 error publish fail
101 error publish fail If the previous version was published in error, see:
101 error publish fail     npm help unpublish
101 error publish fail
101 error publish fail To automatically increment version numbers, see:
101 error publish fail     npm help version
102 error System Darwin 12.4.0
103 error command "/usr/local/bin/node" "/usr/local/bin/npm" "publish"
104 error cwd /Users/choover/misc/sandbox/compress
105 error node -v v0.10.20
106 error npm -v 1.3.11
107 error code EPUBLISHCONFLICT
108 verbose exit [ 1, true ]
